<?xml version="1.0" encoding="UTF-8"?>
<coverage generated="1684174484208" clover="3.2.0">
  <project timestamp="1684174484208" name="All files">
    <metrics statements="12" coveredstatements="12" conditionals="4" coveredconditionals="4" methods="6" coveredmethods="6" elements="22" coveredelements="22" complexity="0" loc="12" ncloc="12" packages="1" files="3" classes="3"/>
    <file name="calculadora.js" path="C:\Users\grasy\OneDrive\Documentos\CURSO_EBAC\coberturaDeteste\sources\calculadora.js">
      <metrics statements="6" coveredstatements="6" conditionals="0" coveredconditionals="0" methods="4" coveredmethods="4"/>
      <line num="2" count="1" type="stmt"/>
      <line num="3" count="1" type="stmt"/>
      <line num="4" count="1" type="stmt"/>
      <line num="5" count="1" type="stmt"/>
      <line num="8" count="1" type="stmt"/>
      <line num="9" count="1" type="stmt"/>
    </file>
    <file name="soma.js" path="C:\Users\grasy\OneDrive\Documentos\CURSO_EBAC\coberturaDeteste\sources\soma.js">
      <metrics statements="2" coveredstatements="2" conditionals="0" coveredconditionals="0" methods="1" coveredmethods="1"/>
      <line num="2" count="3" type="stmt"/>
      <line num="5" count="1" type="stmt"/>
    </file>
    <file name="soma_if.js" path="C:\Users\grasy\OneDrive\Documentos\CURSO_EBAC\coberturaDeteste\sources\soma_if.js">
      <metrics statements="4" coveredstatements="4" conditionals="4" coveredconditionals="4" methods="1" coveredmethods="1"/>
      <line num="2" count="4" type="cond" truecount="4" falsecount="0"/>
      <line num="3" count="1" type="stmt"/>
      <line num="6" count="3" type="stmt"/>
      <line num="11" count="1" type="stmt"/>
    </file>
  </project>
</coverage>
